<?xml version="1.0" encoding="UTF-8"?>
<robot generator="Robot 6.1.1 (Python 3.12.0 on win32)" generated="20231210 19:45:23.133" rpa="false" schemaversion="4">
<suite id="s1" name="MeuProjeto" source="C:\Users\Amanda Souza\teste_amanda\MeuProjeto">
<suite id="s1-s1" name="Teste" source="C:\Users\Amanda Souza\teste_amanda\MeuProjeto\teste">
<suite id="s1-s1-s1" name="Minha Suite" source="C:\Users\Amanda Souza\teste_amanda\MeuProjeto\teste\minha_suite.robot">
<test id="s1-s1-s1-t1" name="Form Test" line="18">
<kw name="Open Application">
<msg timestamp="20231210 19:45:23.433" level="FAIL">No keyword with name 'Open Application' found.</msg>
<status status="FAIL" starttime="20231210 19:45:23.433" endtime="20231210 19:45:23.433"/>
</kw>
<kw name="Fill Out Form With Valid Information" library="minha_página">
<status status="NOT RUN" starttime="20231210 19:45:23.438" endtime="20231210 19:45:23.438"/>
</kw>
<status status="FAIL" starttime="20231210 19:45:23.426" endtime="20231210 19:45:23.438">No keyword with name 'Open Application' found.</status>
</test>
<status status="FAIL" starttime="20231210 19:45:23.193" endtime="20231210 19:45:23.442"/>
</suite>
<status status="FAIL" starttime="20231210 19:45:23.188" endtime="20231210 19:45:23.444"/>
</suite>
<status status="FAIL" starttime="20231210 19:45:23.134" endtime="20231210 19:45:23.444"/>
</suite>
<statistics>
<total>
<stat pass="0" fail="1" skip="0">All Tests</stat>
</total>
<tag>
</tag>
<suite>
<stat pass="0" fail="1" skip="0" id="s1" name="MeuProjeto">MeuProjeto</stat>
<stat pass="0" fail="1" skip="0" id="s1-s1" name="Teste">MeuProjeto.Teste</stat>
<stat pass="0" fail="1" skip="0" id="s1-s1-s1" name="Minha Suite">MeuProjeto.Teste.Minha Suite</stat>
</suite>
</statistics>
<errors>
<msg timestamp="20231210 19:45:23.426" level="ERROR">Error in file 'C:\Users\Amanda Souza\teste_amanda\MeuProjeto\resources\minha_página.robot' on line 12: Creating keyword 'Fill Out Form With Valid Information' failed: Invalid argument specification: Invalid argument syntax '${name} ${numero} ${data} ${numero} ${name}'.</msg>
</errors>
</robot>
